<?xml version="1.0" encoding="UTF-8"?>
<!-- Generated by org.testng.reporters.JUnitXMLReporter -->
<testsuite hostname="Amar" ignored="2" name="Chrome" tests="2" failures="0" timestamp="2022-07-26T13:58:57 IST" time="124.795" errors="0">
  <testcase name="createOrg" time="30.012" classname="com.Vtiger.TCs.TC_01_CreateOrganizationTest"/>
  <testcase name="Endtoend" time="52.161" classname="com.Vtiger.TCs.TC_03_CreateOrganization_DeleteTest"/>
  <testcase name="@BeforeSuite connectToDatabase" time="0.0" classname="com.vtiger.GenericLib.BaseUtilityClass">
    <ignored/>
  </testcase> <!-- @BeforeSuite connectToDatabase -->
  <testcase name="@AfterSuite diconnectToDatabase" time="0.0" classname="com.vtiger.GenericLib.BaseUtilityClass">
    <ignored/>
  </testcase> <!-- @AfterSuite diconnectToDatabase -->
</testsuite> <!-- Chrome -->
