<?xml version="1.0" encoding="UTF-8"?>
<!-- Generated by org.testng.reporters.JUnitXMLReporter -->
<testsuite hostname="Amar" ignored="2" name="Test_2" tests="2" failures="0" timestamp="2022-07-26T13:22:12 IST" time="137.437" errors="0">
  <testcase name="createOrganization" time="31.875" classname="com.Vtiger.TCs.TC_02_CreateOrganization_verifyTest"/>
  <testcase name="createcontactTest" time="41.506" classname="com.Vtiger.TCs.TC_06_CreateContact_VerifyTest"/>
  <testcase name="@BeforeSuite connectToDatabase" time="0.0" classname="com.vtiger.GenericLib.BaseUtilityClass">
    <ignored/>
  </testcase> <!-- @BeforeSuite connectToDatabase -->
  <testcase name="@AfterSuite diconnectToDatabase" time="0.0" classname="com.vtiger.GenericLib.BaseUtilityClass">
    <ignored/>
  </testcase> <!-- @AfterSuite diconnectToDatabase -->
</testsuite> <!-- Test_2 -->
