<?xml version="1.0" encoding="UTF-8"?>
<!-- Generated by org.testng.reporters.JUnitXMLReporter -->
<testsuite hostname="Amar" ignored="10" name="Test" tests="6" failures="0" timestamp="2022-07-26T13:36:05 IST" time="1.356" errors="0">
  <testcase name="@BeforeClass lauchBrowser" time="-1.658822764147E9" classname="com.vtiger.GenericLib.BaseUtilityClass">
    <failure type="org.testng.TestNGException" message="
Parameter &amp;apos;browser&amp;apos; is required by BeforeClass on method lauchBrowser but has not been marked @Optional or defined
in D:\April2021\SDET\testngBatch.xml">
      <![CDATA[org.testng.TestNGException: 
Parameter 'browser' is required by BeforeClass on method lauchBrowser but has not been marked @Optional or defined
in D:\April2021\SDET\testngBatch.xml
at java.util.ArrayList.forEach(ArrayList.java:1257)
... Removed 22 stack frames]]>
    </failure>
  </testcase> <!-- @BeforeClass lauchBrowser -->
  <testcase name="@BeforeMethod loginToApp" time="-1.658822764203E9" classname="com.vtiger.GenericLib.BaseUtilityClass">
    <skipped/>
  </testcase> <!-- @BeforeMethod loginToApp -->
  <testcase name="@AfterMethod logout" time="-1.658822764246E9" classname="com.vtiger.GenericLib.BaseUtilityClass">
    <skipped/>
  </testcase> <!-- @AfterMethod logout -->
  <testcase name="@AfterClass closebrowser" time="-1.658822764257E9" classname="com.vtiger.GenericLib.BaseUtilityClass">
    <skipped/>
  </testcase> <!-- @AfterClass closebrowser -->
  <testcase name="@BeforeClass lauchBrowser" time="-1.658822764264E9" classname="com.vtiger.GenericLib.BaseUtilityClass">
    <failure type="org.testng.TestNGException" message="
Parameter &amp;apos;browser&amp;apos; is required by BeforeClass on method lauchBrowser but has not been marked @Optional or defined
in D:\April2021\SDET\testngBatch.xml">
      <![CDATA[org.testng.TestNGException: 
Parameter 'browser' is required by BeforeClass on method lauchBrowser but has not been marked @Optional or defined
in D:\April2021\SDET\testngBatch.xml
at java.util.ArrayList.forEach(ArrayList.java:1257)
... Removed 22 stack frames]]>
    </failure>
  </testcase> <!-- @BeforeClass lauchBrowser -->
  <testcase name="@BeforeMethod loginToApp" time="-1.658822764268E9" classname="com.vtiger.GenericLib.BaseUtilityClass">
    <skipped/>
  </testcase> <!-- @BeforeMethod loginToApp -->
  <testcase name="@AfterMethod logout" time="-1.65882276428E9" classname="com.vtiger.GenericLib.BaseUtilityClass">
    <skipped/>
  </testcase> <!-- @AfterMethod logout -->
  <testcase name="@AfterClass closebrowser" time="-1.658822764282E9" classname="com.vtiger.GenericLib.BaseUtilityClass">
    <skipped/>
  </testcase> <!-- @AfterClass closebrowser -->
  <testcase name="@BeforeClass lauchBrowser" time="-1.658822764286E9" classname="com.vtiger.GenericLib.BaseUtilityClass">
    <failure type="org.testng.TestNGException" message="
Parameter &amp;apos;browser&amp;apos; is required by BeforeClass on method lauchBrowser but has not been marked @Optional or defined
in D:\April2021\SDET\testngBatch.xml">
      <![CDATA[org.testng.TestNGException: 
Parameter 'browser' is required by BeforeClass on method lauchBrowser but has not been marked @Optional or defined
in D:\April2021\SDET\testngBatch.xml
at java.util.ArrayList.forEach(ArrayList.java:1257)
... Removed 22 stack frames]]>
    </failure>
  </testcase> <!-- @BeforeClass lauchBrowser -->
  <testcase name="@BeforeMethod loginToApp" time="-1.6588227643E9" classname="com.vtiger.GenericLib.BaseUtilityClass">
    <skipped/>
  </testcase> <!-- @BeforeMethod loginToApp -->
  <testcase name="@AfterMethod logout" time="-1.658822764313E9" classname="com.vtiger.GenericLib.BaseUtilityClass">
    <skipped/>
  </testcase> <!-- @AfterMethod logout -->
  <testcase name="@AfterClass closebrowser" time="-1.658822764317E9" classname="com.vtiger.GenericLib.BaseUtilityClass">
    <skipped/>
  </testcase> <!-- @AfterClass closebrowser -->
  <testcase name="@BeforeClass lauchBrowser" time="-1.658822764327E9" classname="com.vtiger.GenericLib.BaseUtilityClass">
    <failure type="org.testng.TestNGException" message="
Parameter &amp;apos;browser&amp;apos; is required by BeforeClass on method lauchBrowser but has not been marked @Optional or defined
in D:\April2021\SDET\testngBatch.xml">
      <![CDATA[org.testng.TestNGException: 
Parameter 'browser' is required by BeforeClass on method lauchBrowser but has not been marked @Optional or defined
in D:\April2021\SDET\testngBatch.xml
at java.util.ArrayList.forEach(ArrayList.java:1257)
... Removed 22 stack frames]]>
    </failure>
  </testcase> <!-- @BeforeClass lauchBrowser -->
  <testcase name="@BeforeMethod loginToApp" time="-1.658822764331E9" classname="com.vtiger.GenericLib.BaseUtilityClass">
    <skipped/>
  </testcase> <!-- @BeforeMethod loginToApp -->
  <testcase name="@AfterMethod logout" time="-1.658822764347E9" classname="com.vtiger.GenericLib.BaseUtilityClass">
    <skipped/>
  </testcase> <!-- @AfterMethod logout -->
  <testcase name="@AfterClass closebrowser" time="-1.658822764349E9" classname="com.vtiger.GenericLib.BaseUtilityClass">
    <skipped/>
  </testcase> <!-- @AfterClass closebrowser -->
  <testcase name="@BeforeClass lauchBrowser" time="-1.658822764353E9" classname="com.vtiger.GenericLib.BaseUtilityClass">
    <failure type="org.testng.TestNGException" message="
Parameter &amp;apos;browser&amp;apos; is required by BeforeClass on method lauchBrowser but has not been marked @Optional or defined
in D:\April2021\SDET\testngBatch.xml">
      <![CDATA[org.testng.TestNGException: 
Parameter 'browser' is required by BeforeClass on method lauchBrowser but has not been marked @Optional or defined
in D:\April2021\SDET\testngBatch.xml
at java.util.ArrayList.forEach(ArrayList.java:1257)
... Removed 22 stack frames]]>
    </failure>
  </testcase> <!-- @BeforeClass lauchBrowser -->
  <testcase name="@BeforeMethod loginToApp" time="-1.658822764358E9" classname="com.vtiger.GenericLib.BaseUtilityClass">
    <skipped/>
  </testcase> <!-- @BeforeMethod loginToApp -->
  <testcase name="@AfterMethod logout" time="-1.658822764373E9" classname="com.vtiger.GenericLib.BaseUtilityClass">
    <skipped/>
  </testcase> <!-- @AfterMethod logout -->
  <testcase name="@AfterClass closebrowser" time="-1.65882276439E9" classname="com.vtiger.GenericLib.BaseUtilityClass">
    <skipped/>
  </testcase> <!-- @AfterClass closebrowser -->
  <testcase name="@BeforeClass lauchBrowser" time="-1.658822764401E9" classname="com.vtiger.GenericLib.BaseUtilityClass">
    <failure type="org.testng.TestNGException" message="
Parameter &amp;apos;browser&amp;apos; is required by BeforeClass on method lauchBrowser but has not been marked @Optional or defined
in D:\April2021\SDET\testngBatch.xml">
      <![CDATA[org.testng.TestNGException: 
Parameter 'browser' is required by BeforeClass on method lauchBrowser but has not been marked @Optional or defined
in D:\April2021\SDET\testngBatch.xml
at java.util.ArrayList.forEach(ArrayList.java:1257)
... Removed 22 stack frames]]>
    </failure>
  </testcase> <!-- @BeforeClass lauchBrowser -->
  <testcase name="@BeforeMethod loginToApp" time="-1.658822764406E9" classname="com.vtiger.GenericLib.BaseUtilityClass">
    <skipped/>
  </testcase> <!-- @BeforeMethod loginToApp -->
  <testcase name="@AfterMethod logout" time="-1.658822764434E9" classname="com.vtiger.GenericLib.BaseUtilityClass">
    <skipped/>
  </testcase> <!-- @AfterMethod logout -->
  <testcase name="@AfterClass closebrowser" time="-1.658822764465E9" classname="com.vtiger.GenericLib.BaseUtilityClass">
    <skipped/>
  </testcase> <!-- @AfterClass closebrowser -->
  <testcase name="selectallTest" time="0.001" classname="com.Vtiger.TCs.TC_04_Select_All_CheckBoxTest">
    <skipped/>
  </testcase> <!-- selectallTest -->
  <testcase name="campaignTest" time="0.0" classname="com.Vtiger.TCs.TC_05_Create_Campaign_DeleteTest">
    <skipped/>
  </testcase> <!-- campaignTest -->
  <testcase name="createcontactTest" time="0.0" classname="com.Vtiger.TCs.TC_06_CreateContact_VerifyTest">
    <skipped/>
  </testcase> <!-- createcontactTest -->
  <testcase name="createOrganization" time="0.0" classname="com.Vtiger.TCs.TC_02_CreateOrganization_verifyTest">
    <skipped/>
  </testcase> <!-- createOrganization -->
  <testcase name="createOrg" time="0.0" classname="com.Vtiger.TCs.TC_01_CreateOrganizationTest">
    <skipped/>
  </testcase> <!-- createOrg -->
  <testcase name="Endtoend" time="0.0" classname="com.Vtiger.TCs.TC_03_CreateOrganization_DeleteTest">
    <skipped/>
  </testcase> <!-- Endtoend -->
  <testcase name="@BeforeSuite connectToDatabase" time="0.0" classname="com.vtiger.GenericLib.BaseUtilityClass">
    <ignored/>
  </testcase> <!-- @BeforeSuite connectToDatabase -->
  <testcase name="@BeforeSuite connectToDatabase" time="0.0" classname="com.vtiger.GenericLib.BaseUtilityClass">
    <ignored/>
  </testcase> <!-- @BeforeSuite connectToDatabase -->
  <testcase name="@BeforeSuite connectToDatabase" time="0.0" classname="com.vtiger.GenericLib.BaseUtilityClass">
    <ignored/>
  </testcase> <!-- @BeforeSuite connectToDatabase -->
  <testcase name="@BeforeSuite connectToDatabase" time="0.0" classname="com.vtiger.GenericLib.BaseUtilityClass">
    <ignored/>
  </testcase> <!-- @BeforeSuite connectToDatabase -->
  <testcase name="@BeforeSuite connectToDatabase" time="0.0" classname="com.vtiger.GenericLib.BaseUtilityClass">
    <ignored/>
  </testcase> <!-- @BeforeSuite connectToDatabase -->
  <testcase name="@AfterSuite diconnectToDatabase" time="0.0" classname="com.vtiger.GenericLib.BaseUtilityClass">
    <ignored/>
  </testcase> <!-- @AfterSuite diconnectToDatabase -->
  <testcase name="@AfterSuite diconnectToDatabase" time="0.0" classname="com.vtiger.GenericLib.BaseUtilityClass">
    <ignored/>
  </testcase> <!-- @AfterSuite diconnectToDatabase -->
  <testcase name="@AfterSuite diconnectToDatabase" time="0.0" classname="com.vtiger.GenericLib.BaseUtilityClass">
    <ignored/>
  </testcase> <!-- @AfterSuite diconnectToDatabase -->
  <testcase name="@AfterSuite diconnectToDatabase" time="0.0" classname="com.vtiger.GenericLib.BaseUtilityClass">
    <ignored/>
  </testcase> <!-- @AfterSuite diconnectToDatabase -->
  <testcase name="@AfterSuite diconnectToDatabase" time="0.0" classname="com.vtiger.GenericLib.BaseUtilityClass">
    <ignored/>
  </testcase> <!-- @AfterSuite diconnectToDatabase -->
</testsuite> <!-- Test -->
