<?xml version="1.0" encoding="UTF-8"?>
<!-- Generated by org.testng.reporters.JUnitXMLReporter -->
<testsuite hostname="Amar" ignored="2" name="Test_1" tests="2" failures="0" timestamp="2022-07-26T13:22:12 IST" time="136.582" errors="0">
  <testcase name="selectallTest" time="22.123" classname="com.Vtiger.TCs.TC_04_Select_All_CheckBoxTest"/>
  <testcase name="campaignTest" time="48.047" classname="com.Vtiger.TCs.TC_05_Create_Campaign_DeleteTest"/>
  <testcase name="@BeforeSuite connectToDatabase" time="0.0" classname="com.vtiger.GenericLib.BaseUtilityClass">
    <ignored/>
  </testcase> <!-- @BeforeSuite connectToDatabase -->
  <testcase name="@AfterSuite diconnectToDatabase" time="0.0" classname="com.vtiger.GenericLib.BaseUtilityClass">
    <ignored/>
  </testcase> <!-- @AfterSuite diconnectToDatabase -->
</testsuite> <!-- Test_1 -->
