<?xml version="1.0" encoding="UTF-8"?>
<!-- Generated by org.testng.reporters.JUnitXMLReporter -->
<testsuite hostname="Amar" ignored="2" name="Test_3" tests="2" failures="0" timestamp="2022-07-26T13:22:15 IST" time="140.532" errors="0">
  <testcase name="createOrg" time="28.364" classname="com.Vtiger.TCs.TC_01_CreateOrganizationTest"/>
  <testcase name="Endtoend" time="52.393" classname="com.Vtiger.TCs.TC_03_CreateOrganization_DeleteTest"/>
  <testcase name="@BeforeSuite connectToDatabase" time="0.0" classname="com.vtiger.GenericLib.BaseUtilityClass">
    <ignored/>
  </testcase> <!-- @BeforeSuite connectToDatabase -->
  <testcase name="@AfterSuite diconnectToDatabase" time="0.0" classname="com.vtiger.GenericLib.BaseUtilityClass">
    <ignored/>
  </testcase> <!-- @AfterSuite diconnectToDatabase -->
</testsuite> <!-- Test_3 -->
