<?xml version="1.0" encoding="UTF-8"?>
<testng-results skipped="0" failed="0" ignored="4" total="8" passed="4">
  <reporter-output>
  </reporter-output>
  <suite name="Suite" duration-ms="244595" started-at="2022-07-26T13:54:52 IST" finished-at="2022-07-26T13:58:57 IST">
    <groups>
    </groups>
    <test name="Firefox" duration-ms="118228" started-at="2022-07-26T13:54:52 IST" finished-at="2022-07-26T13:56:50 IST">
      <class name="com.Vtiger.TCs.TC_04_Select_All_CheckBoxTest">
        <test-method status="PASS" signature="lauchBrowser(java.lang.String, java.lang.String)[pri:0, instance:com.Vtiger.TCs.TC_04_Select_All_CheckBoxTest@6950e31]" name="lauchBrowser" is-config="true" duration-ms="22768" started-at="2022-07-26T13:54:53 IST" finished-at="2022-07-26T13:55:16 IST">
          <params>
            <param index="0">
              <value>
                <![CDATA[Firefox]]>
              </value>
            </param>
            <param index="1">
              <value>
                <![CDATA[http://localhost:8888]]>
              </value>
            </param>
          </params>
          <reporter-output>
          </reporter-output>
        </test-method> <!-- lauchBrowser -->
        <test-method status="PASS" signature="loginToApp()[pri:0, instance:com.Vtiger.TCs.TC_04_Select_All_CheckBoxTest@6950e31]" name="loginToApp" is-config="true" duration-ms="5669" started-at="2022-07-26T13:55:16 IST" finished-at="2022-07-26T13:55:22 IST">
          <reporter-output>
          </reporter-output>
        </test-method> <!-- loginToApp -->
        <test-method status="PASS" signature="selectallTest()[pri:4, instance:com.Vtiger.TCs.TC_04_Select_All_CheckBoxTest@6950e31]" name="selectallTest" duration-ms="20517" started-at="2022-07-26T13:55:22 IST" finished-at="2022-07-26T13:55:42 IST">
          <reporter-output>
          </reporter-output>
        </test-method> <!-- selectallTest -->
        <test-method status="FAIL" signature="logout()[pri:0, instance:com.Vtiger.TCs.TC_04_Select_All_CheckBoxTest@6950e31]" name="logout" is-config="true" duration-ms="170" started-at="2022-07-26T13:55:42 IST" finished-at="2022-07-26T13:55:42 IST">
          <exception class="org.openqa.selenium.interactions.MoveTargetOutOfBoundsException">
            <message>
              <![CDATA[(1266, -87) is out of bounds of viewport width (1366) and height (643)
Build info: version: '4.2.2', revision: '683ccb65d6'
System info: host: 'AMAR', ip: '192.168.60.226', os.name: 'Windows 8.1', os.arch: 'amd64', os.version: '6.3', java.version: '1.8.0_172'
Driver info: org.openqa.selenium.firefox.FirefoxDriver
Command: [ddf5d338-aca5-4b57-af2c-e9e3a263dec7, actions {actions=[org.openqa.selenium.interactions.Sequence@3419e23b]}]
Capabilities {acceptInsecureCerts: true, browserName: firefox, browserVersion: 102.0.1, moz:accessibilityChecks: false, moz:buildID: 20220705093820, moz:debuggerAddress: localhost:50661, moz:geckodriverVersion: 0.31.0, moz:headless: false, moz:processID: 9884, moz:profile: C:\Users\AMAR-G\AppData\Loc..., moz:shutdownTimeout: 60000, moz:useNonSpecCompliantPointerOrigin: false, moz:webdriverClick: true, moz:windowless: false, pageLoadStrategy: normal, platformName: WINDOWS, platformVersion: 6.3, proxy: Proxy(), se:cdp: ws://localhost:50661/devtoo..., se:cdpVersion: 85.0, setWindowRect: true, strictFileInteractability: false, timeouts: {implicit: 0, pageLoad: 300000, script: 30000}, unhandledPromptBehavior: dismiss and notify}
Session ID: ddf5d338-aca5-4b57-af2c-e9e3a263dec7]]>
            </message>
            <full-stacktrace>
              <![CDATA[org.openqa.selenium.interactions.MoveTargetOutOfBoundsException: (1266, -87) is out of bounds of viewport width (1366) and height (643)
Build info: version: '4.2.2', revision: '683ccb65d6'
System info: host: 'AMAR', ip: '192.168.60.226', os.name: 'Windows 8.1', os.arch: 'amd64', os.version: '6.3', java.version: '1.8.0_172'
Driver info: org.openqa.selenium.firefox.FirefoxDriver
Command: [ddf5d338-aca5-4b57-af2c-e9e3a263dec7, actions {actions=[org.openqa.selenium.interactions.Sequence@3419e23b]}]
Capabilities {acceptInsecureCerts: true, browserName: firefox, browserVersion: 102.0.1, moz:accessibilityChecks: false, moz:buildID: 20220705093820, moz:debuggerAddress: localhost:50661, moz:geckodriverVersion: 0.31.0, moz:headless: false, moz:processID: 9884, moz:profile: C:\Users\AMAR-G\AppData\Loc..., moz:shutdownTimeout: 60000, moz:useNonSpecCompliantPointerOrigin: false, moz:webdriverClick: true, moz:windowless: false, pageLoadStrategy: normal, platformName: WINDOWS, platformVersion: 6.3, proxy: Proxy(), se:cdp: ws://localhost:50661/devtoo..., se:cdpVersion: 85.0, setWindowRect: true, strictFileInteractability: false, timeouts: {implicit: 0, pageLoad: 300000, script: 30000}, unhandledPromptBehavior: dismiss and notify}
Session ID: ddf5d338-aca5-4b57-af2c-e9e3a263dec7
at sun.reflect.NativeConstructorAccessorImpl.newInstance0(Native Method)
at sun.reflect.NativeConstructorAccessorImpl.newInstance(NativeConstructorAccessorImpl.java:62)
at sun.reflect.DelegatingConstructorAccessorImpl.newInstance(DelegatingConstructorAccessorImpl.java:45)
at java.lang.reflect.Constructor.newInstance(Constructor.java:423)
at org.openqa.selenium.remote.codec.w3c.W3CHttpResponseCodec.createException(W3CHttpResponseCodec.java:200)
at org.openqa.selenium.remote.codec.w3c.W3CHttpResponseCodec.decode(W3CHttpResponseCodec.java:133)
at org.openqa.selenium.remote.codec.w3c.W3CHttpResponseCodec.decode(W3CHttpResponseCodec.java:53)
at org.openqa.selenium.remote.HttpCommandExecutor.execute(HttpCommandExecutor.java:184)
at org.openqa.selenium.remote.service.DriverCommandExecutor.invokeExecute(DriverCommandExecutor.java:167)
at org.openqa.selenium.remote.service.DriverCommandExecutor.execute(DriverCommandExecutor.java:142)
at org.openqa.selenium.remote.RemoteWebDriver.execute(RemoteWebDriver.java:588)
at org.openqa.selenium.remote.RemoteWebDriver.perform(RemoteWebDriver.java:656)
at org.openqa.selenium.interactions.Actions$BuiltAction.perform(Actions.java:718)
at com.vtiger.GenericLib.WebDriverUtility.moveToElement(WebDriverUtility.java:47)
at com.vtiger.GenericLib.BaseUtilityClass.logout(BaseUtilityClass.java:84)
at sun.reflect.NativeMethodAccessorImpl.invoke0(Native Method)
at sun.reflect.NativeMethodAccessorImpl.invoke(NativeMethodAccessorImpl.java:62)
at sun.reflect.DelegatingMethodAccessorImpl.invoke(DelegatingMethodAccessorImpl.java:43)
at java.lang.reflect.Method.invoke(Method.java:498)
at org.testng.internal.MethodInvocationHelper.invokeMethod(MethodInvocationHelper.java:132)
at org.testng.internal.MethodInvocationHelper.invokeMethodConsideringTimeout(MethodInvocationHelper.java:61)
at org.testng.internal.ConfigInvoker.invokeConfigurationMethod(ConfigInvoker.java:366)
at org.testng.internal.ConfigInvoker.invokeConfigurations(ConfigInvoker.java:320)
at org.testng.internal.TestInvoker.runConfigMethods(TestInvoker.java:701)
at org.testng.internal.TestInvoker.runAfterGroupsConfigurations(TestInvoker.java:677)
at org.testng.internal.TestInvoker.invokeMethod(TestInvoker.java:661)
at org.testng.internal.TestInvoker.invokeTestMethod(TestInvoker.java:174)
at org.testng.internal.MethodRunner.runInSequence(MethodRunner.java:46)
at org.testng.internal.TestInvoker$MethodInvocationAgent.invoke(TestInvoker.java:822)
at org.testng.internal.TestInvoker.invokeTestMethods(TestInvoker.java:147)
at org.testng.internal.TestMethodWorker.invokeTestMethods(TestMethodWorker.java:146)
at org.testng.internal.TestMethodWorker.run(TestMethodWorker.java:128)
at java.util.ArrayList.forEach(ArrayList.java:1257)
at org.testng.TestRunner.privateRun(TestRunner.java:764)
at org.testng.TestRunner.run(TestRunner.java:585)
at org.testng.SuiteRunner.runTest(SuiteRunner.java:384)
at org.testng.SuiteRunner.runSequentially(SuiteRunner.java:378)
at org.testng.SuiteRunner.privateRun(SuiteRunner.java:337)
at org.testng.SuiteRunner.run(SuiteRunner.java:286)
at org.testng.SuiteRunnerWorker.runSuite(SuiteRunnerWorker.java:53)
at org.testng.SuiteRunnerWorker.run(SuiteRunnerWorker.java:96)
at org.testng.TestNG.runSuitesSequentially(TestNG.java:1218)
at org.testng.TestNG.runSuitesLocally(TestNG.java:1140)
at org.testng.TestNG.runSuites(TestNG.java:1069)
at org.testng.TestNG.run(TestNG.java:1037)
at org.testng.remote.AbstractRemoteTestNG.run(AbstractRemoteTestNG.java:115)
at org.testng.remote.RemoteTestNG.initAndRun(RemoteTestNG.java:251)
at org.testng.remote.RemoteTestNG.main(RemoteTestNG.java:77)
]]>
            </full-stacktrace>
          </exception> <!-- org.openqa.selenium.interactions.MoveTargetOutOfBoundsException -->
          <reporter-output>
          </reporter-output>
        </test-method> <!-- logout -->
        <test-method status="SKIP" signature="closebrowser()[pri:0, instance:com.Vtiger.TCs.TC_04_Select_All_CheckBoxTest@6950e31]" name="closebrowser" is-config="true" duration-ms="-1658823942773" started-at="2022-07-26T13:55:42 IST" finished-at="1970-01-01T05:30:00 IST">
          <reporter-output>
          </reporter-output>
        </test-method> <!-- closebrowser -->
      </class> <!-- com.Vtiger.TCs.TC_04_Select_All_CheckBoxTest -->
      <class name="com.Vtiger.TCs.TC_05_Create_Campaign_DeleteTest">
        <test-method status="PASS" signature="lauchBrowser(java.lang.String, java.lang.String)[pri:0, instance:com.Vtiger.TCs.TC_05_Create_Campaign_DeleteTest@b7dd107]" name="lauchBrowser" is-config="true" duration-ms="16263" started-at="2022-07-26T13:55:42 IST" finished-at="2022-07-26T13:55:59 IST">
          <params>
            <param index="0">
              <value>
                <![CDATA[Firefox]]>
              </value>
            </param>
            <param index="1">
              <value>
                <![CDATA[http://localhost:8888]]>
              </value>
            </param>
          </params>
          <reporter-output>
          </reporter-output>
        </test-method> <!-- lauchBrowser -->
        <test-method status="PASS" signature="loginToApp()[pri:0, instance:com.Vtiger.TCs.TC_05_Create_Campaign_DeleteTest@b7dd107]" name="loginToApp" is-config="true" duration-ms="5846" started-at="2022-07-26T13:55:59 IST" finished-at="2022-07-26T13:56:04 IST">
          <reporter-output>
          </reporter-output>
        </test-method> <!-- loginToApp -->
        <test-method status="PASS" signature="campaignTest()[pri:5, instance:com.Vtiger.TCs.TC_05_Create_Campaign_DeleteTest@b7dd107]" name="campaignTest" duration-ms="44964" started-at="2022-07-26T13:56:04 IST" finished-at="2022-07-26T13:56:49 IST">
          <reporter-output>
          </reporter-output>
        </test-method> <!-- campaignTest -->
        <test-method status="PASS" signature="logout()[pri:0, instance:com.Vtiger.TCs.TC_05_Create_Campaign_DeleteTest@b7dd107]" name="logout" is-config="true" duration-ms="558" started-at="2022-07-26T13:56:49 IST" finished-at="2022-07-26T13:56:50 IST">
          <reporter-output>
          </reporter-output>
        </test-method> <!-- logout -->
        <test-method status="FAIL" signature="closebrowser()[pri:0, instance:com.Vtiger.TCs.TC_05_Create_Campaign_DeleteTest@b7dd107]" name="closebrowser" is-config="true" duration-ms="289" started-at="2022-07-26T13:56:50 IST" finished-at="2022-07-26T13:56:50 IST">
          <exception class="org.openqa.selenium.UnhandledAlertException">
            <message>
              <![CDATA[Dismissed user prompt dialog: undefined: 
Build info: version: '4.2.2', revision: '683ccb65d6'
System info: host: 'AMAR', ip: '192.168.60.226', os.name: 'Windows 8.1', os.arch: 'amd64', os.version: '6.3', java.version: '1.8.0_172'
Driver info: org.openqa.selenium.firefox.FirefoxDriver
Command: [90cff1b9-0c3c-4853-995f-bf40d927217b, close {}]
Capabilities {acceptInsecureCerts: true, browserName: firefox, browserVersion: 102.0.1, moz:accessibilityChecks: false, moz:buildID: 20220705093820, moz:debuggerAddress: localhost:49903, moz:geckodriverVersion: 0.31.0, moz:headless: false, moz:processID: 17948, moz:profile: C:\Users\AMAR-G\AppData\Loc..., moz:shutdownTimeout: 60000, moz:useNonSpecCompliantPointerOrigin: false, moz:webdriverClick: true, moz:windowless: false, pageLoadStrategy: normal, platformName: WINDOWS, platformVersion: 6.3, proxy: Proxy(), se:cdp: ws://localhost:49903/devtoo..., se:cdpVersion: 85.0, setWindowRect: true, strictFileInteractability: false, timeouts: {implicit: 0, pageLoad: 300000, script: 30000}, unhandledPromptBehavior: dismiss and notify}
Session ID: 90cff1b9-0c3c-4853-995f-bf40d927217b]]>
            </message>
            <full-stacktrace>
              <![CDATA[org.openqa.selenium.UnhandledAlertException: Dismissed user prompt dialog: undefined: 
Build info: version: '4.2.2', revision: '683ccb65d6'
System info: host: 'AMAR', ip: '192.168.60.226', os.name: 'Windows 8.1', os.arch: 'amd64', os.version: '6.3', java.version: '1.8.0_172'
Driver info: org.openqa.selenium.firefox.FirefoxDriver
Command: [90cff1b9-0c3c-4853-995f-bf40d927217b, close {}]
Capabilities {acceptInsecureCerts: true, browserName: firefox, browserVersion: 102.0.1, moz:accessibilityChecks: false, moz:buildID: 20220705093820, moz:debuggerAddress: localhost:49903, moz:geckodriverVersion: 0.31.0, moz:headless: false, moz:processID: 17948, moz:profile: C:\Users\AMAR-G\AppData\Loc..., moz:shutdownTimeout: 60000, moz:useNonSpecCompliantPointerOrigin: false, moz:webdriverClick: true, moz:windowless: false, pageLoadStrategy: normal, platformName: WINDOWS, platformVersion: 6.3, proxy: Proxy(), se:cdp: ws://localhost:49903/devtoo..., se:cdpVersion: 85.0, setWindowRect: true, strictFileInteractability: false, timeouts: {implicit: 0, pageLoad: 300000, script: 30000}, unhandledPromptBehavior: dismiss and notify}
Session ID: 90cff1b9-0c3c-4853-995f-bf40d927217b
at org.openqa.selenium.remote.codec.w3c.W3CHttpResponseCodec.decode(W3CHttpResponseCodec.java:131)
at org.openqa.selenium.remote.codec.w3c.W3CHttpResponseCodec.decode(W3CHttpResponseCodec.java:53)
at org.openqa.selenium.remote.HttpCommandExecutor.execute(HttpCommandExecutor.java:184)
at org.openqa.selenium.remote.service.DriverCommandExecutor.invokeExecute(DriverCommandExecutor.java:167)
at org.openqa.selenium.remote.service.DriverCommandExecutor.execute(DriverCommandExecutor.java:142)
at org.openqa.selenium.remote.RemoteWebDriver.execute(RemoteWebDriver.java:588)
at org.openqa.selenium.remote.RemoteWebDriver.execute(RemoteWebDriver.java:643)
at org.openqa.selenium.remote.RemoteWebDriver.execute(RemoteWebDriver.java:647)
at org.openqa.selenium.remote.RemoteWebDriver.close(RemoteWebDriver.java:473)
at com.vtiger.GenericLib.BaseUtilityClass.closebrowser(BaseUtilityClass.java:90)
at sun.reflect.NativeMethodAccessorImpl.invoke0(Native Method)
at sun.reflect.NativeMethodAccessorImpl.invoke(NativeMethodAccessorImpl.java:62)
at sun.reflect.DelegatingMethodAccessorImpl.invoke(DelegatingMethodAccessorImpl.java:43)
at java.lang.reflect.Method.invoke(Method.java:498)
at org.testng.internal.MethodInvocationHelper.invokeMethod(MethodInvocationHelper.java:132)
at org.testng.internal.MethodInvocationHelper.invokeMethodConsideringTimeout(MethodInvocationHelper.java:61)
at org.testng.internal.ConfigInvoker.invokeConfigurationMethod(ConfigInvoker.java:366)
at org.testng.internal.ConfigInvoker.invokeConfigurations(ConfigInvoker.java:320)
at org.testng.internal.TestMethodWorker.invokeAfterClassMethods(TestMethodWorker.java:217)
at org.testng.internal.TestMethodWorker.run(TestMethodWorker.java:130)
at java.util.ArrayList.forEach(ArrayList.java:1257)
at org.testng.TestRunner.privateRun(TestRunner.java:764)
at org.testng.TestRunner.run(TestRunner.java:585)
at org.testng.SuiteRunner.runTest(SuiteRunner.java:384)
at org.testng.SuiteRunner.runSequentially(SuiteRunner.java:378)
at org.testng.SuiteRunner.privateRun(SuiteRunner.java:337)
at org.testng.SuiteRunner.run(SuiteRunner.java:286)
at org.testng.SuiteRunnerWorker.runSuite(SuiteRunnerWorker.java:53)
at org.testng.SuiteRunnerWorker.run(SuiteRunnerWorker.java:96)
at org.testng.TestNG.runSuitesSequentially(TestNG.java:1218)
at org.testng.TestNG.runSuitesLocally(TestNG.java:1140)
at org.testng.TestNG.runSuites(TestNG.java:1069)
at org.testng.TestNG.run(TestNG.java:1037)
at org.testng.remote.AbstractRemoteTestNG.run(AbstractRemoteTestNG.java:115)
at org.testng.remote.RemoteTestNG.initAndRun(RemoteTestNG.java:251)
at org.testng.remote.RemoteTestNG.main(RemoteTestNG.java:77)
]]>
            </full-stacktrace>
          </exception> <!-- org.openqa.selenium.UnhandledAlertException -->
          <reporter-output>
          </reporter-output>
        </test-method> <!-- closebrowser -->
      </class> <!-- com.Vtiger.TCs.TC_05_Create_Campaign_DeleteTest -->
    </test> <!-- Firefox -->
    <test name="Chrome" duration-ms="124795" started-at="2022-07-26T13:56:52 IST" finished-at="2022-07-26T13:58:57 IST">
      <class name="com.Vtiger.TCs.TC_01_CreateOrganizationTest">
        <test-method status="PASS" signature="connectToDatabase()[pri:0, instance:com.Vtiger.TCs.TC_01_CreateOrganizationTest@401e7803]" name="connectToDatabase" is-config="true" duration-ms="32" started-at="2022-07-26T13:54:52 IST" finished-at="2022-07-26T13:54:52 IST">
          <reporter-output>
          </reporter-output>
        </test-method> <!-- connectToDatabase -->
        <test-method status="PASS" signature="lauchBrowser(java.lang.String, java.lang.String)[pri:0, instance:com.Vtiger.TCs.TC_01_CreateOrganizationTest@401e7803]" name="lauchBrowser" is-config="true" duration-ms="5188" started-at="2022-07-26T13:56:52 IST" finished-at="2022-07-26T13:56:57 IST">
          <params>
            <param index="0">
              <value>
                <![CDATA[Chrome]]>
              </value>
            </param>
            <param index="1">
              <value>
                <![CDATA[http://localhost:8888]]>
              </value>
            </param>
          </params>
          <reporter-output>
          </reporter-output>
        </test-method> <!-- lauchBrowser -->
        <test-method status="PASS" signature="loginToApp()[pri:0, instance:com.Vtiger.TCs.TC_01_CreateOrganizationTest@401e7803]" name="loginToApp" is-config="true" duration-ms="12140" started-at="2022-07-26T13:56:57 IST" finished-at="2022-07-26T13:57:09 IST">
          <reporter-output>
          </reporter-output>
        </test-method> <!-- loginToApp -->
        <test-method status="PASS" signature="createOrg()[pri:1, instance:com.Vtiger.TCs.TC_01_CreateOrganizationTest@401e7803]" name="createOrg" duration-ms="30012" started-at="2022-07-26T13:57:09 IST" finished-at="2022-07-26T13:57:39 IST">
          <reporter-output>
          </reporter-output>
        </test-method> <!-- createOrg -->
        <test-method status="PASS" signature="logout()[pri:0, instance:com.Vtiger.TCs.TC_01_CreateOrganizationTest@401e7803]" name="logout" is-config="true" duration-ms="4436" started-at="2022-07-26T13:57:39 IST" finished-at="2022-07-26T13:57:44 IST">
          <reporter-output>
          </reporter-output>
        </test-method> <!-- logout -->
        <test-method status="PASS" signature="closebrowser()[pri:0, instance:com.Vtiger.TCs.TC_01_CreateOrganizationTest@401e7803]" name="closebrowser" is-config="true" duration-ms="203" started-at="2022-07-26T13:57:44 IST" finished-at="2022-07-26T13:57:44 IST">
          <reporter-output>
          </reporter-output>
        </test-method> <!-- closebrowser -->
        <test-method status="PASS" signature="diconnectToDatabase()[pri:0, instance:com.Vtiger.TCs.TC_01_CreateOrganizationTest@401e7803]" name="diconnectToDatabase" is-config="true" duration-ms="2" started-at="2022-07-26T13:58:57 IST" finished-at="2022-07-26T13:58:57 IST">
          <reporter-output>
          </reporter-output>
        </test-method> <!-- diconnectToDatabase -->
      </class> <!-- com.Vtiger.TCs.TC_01_CreateOrganizationTest -->
      <class name="com.Vtiger.TCs.TC_03_CreateOrganization_DeleteTest">
        <test-method status="PASS" signature="lauchBrowser(java.lang.String, java.lang.String)[pri:0, instance:com.Vtiger.TCs.TC_03_CreateOrganization_DeleteTest@10dba097]" name="lauchBrowser" is-config="true" duration-ms="5654" started-at="2022-07-26T13:57:44 IST" finished-at="2022-07-26T13:57:49 IST">
          <params>
            <param index="0">
              <value>
                <![CDATA[Chrome]]>
              </value>
            </param>
            <param index="1">
              <value>
                <![CDATA[http://localhost:8888]]>
              </value>
            </param>
          </params>
          <reporter-output>
          </reporter-output>
        </test-method> <!-- lauchBrowser -->
        <test-method status="PASS" signature="loginToApp()[pri:0, instance:com.Vtiger.TCs.TC_03_CreateOrganization_DeleteTest@10dba097]" name="loginToApp" is-config="true" duration-ms="10085" started-at="2022-07-26T13:57:49 IST" finished-at="2022-07-26T13:58:00 IST">
          <reporter-output>
          </reporter-output>
        </test-method> <!-- loginToApp -->
        <test-method status="PASS" signature="Endtoend()[pri:3, instance:com.Vtiger.TCs.TC_03_CreateOrganization_DeleteTest@10dba097]" name="Endtoend" duration-ms="52161" started-at="2022-07-26T13:58:00 IST" finished-at="2022-07-26T13:58:52 IST">
          <reporter-output>
          </reporter-output>
        </test-method> <!-- Endtoend -->
        <test-method status="PASS" signature="logout()[pri:0, instance:com.Vtiger.TCs.TC_03_CreateOrganization_DeleteTest@10dba097]" name="logout" is-config="true" duration-ms="4641" started-at="2022-07-26T13:58:52 IST" finished-at="2022-07-26T13:58:56 IST">
          <reporter-output>
          </reporter-output>
        </test-method> <!-- logout -->
        <test-method status="PASS" signature="closebrowser()[pri:0, instance:com.Vtiger.TCs.TC_03_CreateOrganization_DeleteTest@10dba097]" name="closebrowser" is-config="true" duration-ms="216" started-at="2022-07-26T13:58:56 IST" finished-at="2022-07-26T13:58:57 IST">
          <reporter-output>
          </reporter-output>
        </test-method> <!-- closebrowser -->
      </class> <!-- com.Vtiger.TCs.TC_03_CreateOrganization_DeleteTest -->
    </test> <!-- Chrome -->
  </suite> <!-- Suite -->
</testng-results>
